<?xml version="1.0" encoding="UTF-8"?>
<!-- Generated by org.testng.reporters.JUnitReportReporter -->
<testsuite skipped="0" hostname="ip-172-31-31-246" name="testCases.Homepagetest" tests="1" failures="0" timestamp="2023-06-03T05:27:36 UTC" time="0.002" errors="0">
  <testcase name="test3" time="0.002" classname="testCases.Homepagetest"/>
  <system-out/>
</testsuite> <!-- testCases.Homepagetest -->
