<?xml version="1.0" encoding="UTF-8"?>
<!-- Generated by org.testng.reporters.JUnitReportReporter -->
<testsuite skipped="0" hostname="ip-172-31-31-246" name="testCases.Logintest" tests="3" failures="0" timestamp="2023-06-03T06:42:48 UTC" time="17.793" errors="0">
  <testcase name="test4" time="6.001" classname="testCases.Logintest"/>
  <system-out/>
  <testcase name="test1" time="6.720" classname="testCases.Logintest"/>
  <system-out/>
  <testcase name="test2" time="5.072" classname="testCases.Logintest"/>
  <system-out/>
</testsuite> <!-- testCases.Logintest -->
